<?xml version="1.0" encoding="UTF-8"?>
<!-- Generated by org.testng.reporters.JUnitReportReporter -->
<testsuite hostname="e5216cc35a7c5a9" failures="0" tests="2" name="capstoneCasestudy.TestRunner" time="9.080" errors="0" timestamp="2023-08-24T17:34:35 IST" skipped="0">
  <testcase classname="capstoneCasestudy.TestRunner" name="scenario1" time="5.476"/>
  <testcase classname="capstoneCasestudy.TestRunner" name="scenario2" time="3.604"/>
</testsuite> <!-- capstoneCasestudy.TestRunner -->
